[18360:6208:0515/094701.995:WARNING:chrome_main_delegate.cc(745)] This is Chrome version 128.0.6613.138 (not a warning)
[18360:21092:0515/094702.030:ERROR:google_update_settings.cc(265)] Failed opening key Software\Chromium to set usagestats; result: 5
[18360:6208:0515/094702.056:WARNING:account_consistency_mode_manager.cc(77)] Desktop Identity Consistency cannot be enabled as no OAuth client ID and client secret have been configured.
[21024:22184:0515/094706.368:WARNING:frame_impl.cc(430)] virtual CefFrameImpl::SendProcessMessage sent to detached frame 5-490B5C20E96823A9604351F6F0D34F58 will be ignored
[18360:21000:0515/094706.659:WARNING:browser_info.cc(345)] Returning a speculative frame for [7,9]
[18360:6208:0515/094706.688:WARNING:browser_info.cc(345)] Returning a speculative frame for [8,5]
[18360:6208:0515/094706.688:WARNING:browser_info.cc(345)] Returning a speculative frame for [8,5]
[18360:6208:0515/094706.688:WARNING:browser_info.cc(345)] Returning a speculative frame for [8,5]
[18360:6208:0515/094706.688:WARNING:browser_info.cc(345)] Returning a speculative frame for [8,5]
[18360:21000:0515/094706.720:WARNING:browser_info.cc(345)] Returning a speculative frame for [8,5]
[8796:14540:0515/094708.362:WARNING:codec.cc(525)] Explicitly added H264 constrained baseline to list of supported formats.
[8796:14540:0515/094708.528:WARNING:codec.cc(525)] Explicitly added H264 constrained baseline to list of supported formats.
[8796:13356:0515/094708.548:WARNING:codec.cc(525)] Explicitly added H264 constrained baseline to list of supported formats.
[8796:13356:0515/094708.548:WARNING:codec.cc(525)] Explicitly added H264 constrained baseline to list of supported formats.
[8796:13356:0515/094708.549:WARNING:codec.cc(525)] Explicitly added H264 constrained baseline to list of supported formats.
[22756:22468:0515/094708.555:WARNING:host_resolver_dns_task.cc(863)] Address list empty after RFC3484 sort
[22756:22468:0515/094708.559:ERROR:socket_manager.cc(147)] Failed to resolve address for stun.cloudflare.com., errorcode: -105
[22756:22468:0515/094708.559:ERROR:socket_manager.cc(147)] Failed to resolve address for stun.cloudflare.com., errorcode: -105
[22756:22468:0515/094708.559:ERROR:socket_manager.cc(147)] Failed to resolve address for stun.cloudflare.com., errorcode: -105
[8796:13356:0515/094708.560:WARNING:stun_port.cc(442)] Port[404ec00:0:1:0:host:Net[any:0:0:0:x:x:x:x:x/0:Wildcard:id=0]]: StunPort: stun host lookup received error -1
[8796:13356:0515/094708.560:WARNING:stun_port.cc(442)] Port[404f400:1:1:0:host:Net[any:0:0:0:x:x:x:x:x/0:Wildcard:id=0]]: StunPort: stun host lookup received error -1
[8796:13356:0515/094708.560:WARNING:stun_port.cc(442)] Port[4588000:2:1:0:host:Net[any:0:0:0:x:x:x:x:x/0:Wildcard:id=0]]: StunPort: stun host lookup received error -1
[11172:4752:0515/094914.872:WARNING:frame_impl.cc(430)] virtual CefFrameImpl::SendProcessMessage sent to detached frame 6-4BFC096F1D107961A04682CBB1FC1FB6 will be ignored
[15332:23472:0515/094914.952:ERROR:shared_image_manager.cc(224)] SharedImageManager::ProduceSkia: Trying to Produce a Skia representation from a non-existent mailbox.
[15332:23472:0515/094914.952:ERROR:shared_image_manager.cc(224)] SharedImageManager::ProduceSkia: Trying to Produce a Skia representation from a non-existent mailbox.
[18360:6208:0515/104533.001:ERROR:device_event_log_impl.cc(196)] [10:45:32.982] USB: usb_service_win.cc:105 SetupDiGetDeviceProperty({{A45C254E-DF1C-4EFD-8020-67D146A850E0}, 6}) failed: 要素が見つかりません。 (0x490)
[18360:6208:0515/115649.092:WARNING:pref_notifier_impl.cc(41)] Pref observer for media_router.cast_allow_all_ips found at shutdown.
